<?xml version="1.0" encoding="UTF-8"?>
<!-- Generated by org.testng.reporters.JUnitXMLReporter -->
<testsuite hostname="DESKTOP-CBG2OK5" ignored="0" name="Test" tests="2" failures="2" timestamp="2020-02-20T09:50:39 CET" time="31.465" errors="0">
  <testcase name="ddd" time="15.884" classname="mycompany.Test_DragDrop3">
    <failure type="org.openqa.selenium.NoSuchWindowException" message="no such window: target window already closed
from unknown error: web view not found
  (Session info: chrome=80.0.3987.116)
Build info: version: &amp;apos;3.141.59&amp;apos;, revision: &amp;apos;e82be7d358&amp;apos;, time: &amp;apos;2018-11-14T08:17:03&amp;apos;
System info: host: &amp;apos;DESKTOP-CBG2OK5&amp;apos;, ip: &amp;apos;192.168.1.15&amp;apos;, os.name: &amp;apos;Windows 10&amp;apos;, os.arch: &amp;apos;amd64&amp;apos;, os.version: &amp;apos;10.0&amp;apos;, java.version: &amp;apos;1.8.0_121&amp;apos;
Driver info: org.openqa.selenium.chrome.ChromeDriver
Capabilities {acceptInsecureCerts: false, browserName: chrome, browserVersion: 80.0.3987.116, chrome: {chromedriverVersion: 79.0.3945.36 (3582db32b3389..., userDataDir: C:\Users\admin\AppData\Loca...}, goog:chromeOptions: {debuggerAddress: localhost:55625}, javascriptEnabled: true, networkConnectionEnabled: false, pageLoadStrategy: normal, platform: WINDOWS, platformName: WINDOWS, proxy: Proxy(), setWindowRect: true, strictFileInteractability: false, timeouts: {implicit: 0, pageLoad: 300000, script: 30000}, unhandledPromptBehavior: dismiss and notify}
Session ID: 3b1a2e5f4e3386a1a2c1be81c587a8ff">
      <![CDATA[org.openqa.selenium.NoSuchWindowException: no such window: target window already closed
from unknown error: web view not found
  (Session info: chrome=80.0.3987.116)
Build info: version: '3.141.59', revision: 'e82be7d358', time: '2018-11-14T08:17:03'
System info: host: 'DESKTOP-CBG2OK5', ip: '192.168.1.15', os.name: 'Windows 10', os.arch: 'amd64', os.version: '10.0', java.version: '1.8.0_121'
Driver info: org.openqa.selenium.chrome.ChromeDriver
Capabilities {acceptInsecureCerts: false, browserName: chrome, browserVersion: 80.0.3987.116, chrome: {chromedriverVersion: 79.0.3945.36 (3582db32b3389..., userDataDir: C:\Users\admin\AppData\Loca...}, goog:chromeOptions: {debuggerAddress: localhost:55625}, javascriptEnabled: true, networkConnectionEnabled: false, pageLoadStrategy: normal, platform: WINDOWS, platformName: WINDOWS, proxy: Proxy(), setWindowRect: true, strictFileInteractability: false, timeouts: {implicit: 0, pageLoad: 300000, script: 30000}, unhandledPromptBehavior: dismiss and notify}
Session ID: 3b1a2e5f4e3386a1a2c1be81c587a8ff
at org.openqa.selenium.remote.http.W3CHttpResponseCodec.createException(W3CHttpResponseCodec.java:187)
at org.openqa.selenium.remote.http.W3CHttpResponseCodec.decode(W3CHttpResponseCodec.java:122)
at org.openqa.selenium.remote.http.W3CHttpResponseCodec.decode(W3CHttpResponseCodec.java:49)
at org.openqa.selenium.remote.HttpCommandExecutor.execute(HttpCommandExecutor.java:158)
at org.openqa.selenium.remote.service.DriverCommandExecutor.execute(DriverCommandExecutor.java:83)
at org.openqa.selenium.remote.RemoteWebDriver.execute(RemoteWebDriver.java:552)
at org.openqa.selenium.remote.RemoteWebDriver.execute(RemoteWebDriver.java:609)
at org.openqa.selenium.remote.RemoteWebDriver.getScreenshotAs(RemoteWebDriver.java:295)
at mycompany.Test_DragDrop3.ddd(Test_DragDrop3.java:52)
at java.util.ArrayList.forEach(Unknown Source)
... Removed 35 stack frames]]>
    </failure>
  </testcase> <!-- ddd -->
  <testcase name="ddd" time="15.513" classname="mycompany.Test_DragDrop">
    <failure type="org.openqa.selenium.SessionNotCreatedException" message="session not created
from chrome not reachable
  (Session info: chrome=80.0.3987.116)
Build info: version: &amp;apos;3.141.59&amp;apos;, revision: &amp;apos;e82be7d358&amp;apos;, time: &amp;apos;2018-11-14T08:17:03&amp;apos;
System info: host: &amp;apos;DESKTOP-CBG2OK5&amp;apos;, ip: &amp;apos;192.168.1.15&amp;apos;, os.name: &amp;apos;Windows 10&amp;apos;, os.arch: &amp;apos;amd64&amp;apos;, os.version: &amp;apos;10.0&amp;apos;, java.version: &amp;apos;1.8.0_121&amp;apos;
Driver info: driver.version: ChromeDriver
remote stacktrace: Backtrace:
	Ordinal0 [0x010BA113+1548563]
	Ordinal0 [0x0103DDA1+1039777]
	Ordinal0 [0x00FBE32E+516910]
	Ordinal0 [0x00FB8012+491538]
	Ordinal0 [0x00FB86EB+493291]
	Ordinal0 [0x00FB9855+497749]
	Ordinal0 [0x00FB5885+481413]
	Ordinal0 [0x00FBF0D0+520400]
	Ordinal0 [0x00F6C030+180272]
	Ordinal0 [0x00F6B59D+177565]
	Ordinal0 [0x00F695FB+169467]
	Ordinal0 [0x00F5160A+71178]
	Ordinal0 [0x00F52690+75408]
	Ordinal0 [0x00F52629+75305]
	Ordinal0 [0x010571B7+1143223]
	GetHandleVerifier [0x01152B46+507814]
	GetHandleVerifier [0x01152864+507076]
	GetHandleVerifier [0x01159F47+537511]
	GetHandleVerifier [0x01153402+510050]
	Ordinal0 [0x0104F29C+1110684]
	Ordinal0 [0x0105938B+1151883]
	Ordinal0 [0x010594F3+1152243]
	Ordinal0 [0x010583F5+1147893]
	BaseThreadInitThunk [0x753E6359+25]
	RtlGetAppContainerNamedObjectPath [0x77BF7B74+228]
	RtlGetAppContainerNamedObjectPath [0x77BF7B44+180]
">
      <![CDATA[org.openqa.selenium.SessionNotCreatedException: session not created
from chrome not reachable
  (Session info: chrome=80.0.3987.116)
Build info: version: '3.141.59', revision: 'e82be7d358', time: '2018-11-14T08:17:03'
System info: host: 'DESKTOP-CBG2OK5', ip: '192.168.1.15', os.name: 'Windows 10', os.arch: 'amd64', os.version: '10.0', java.version: '1.8.0_121'
Driver info: driver.version: ChromeDriver
remote stacktrace: Backtrace:
Ordinal0 [0x010BA113+1548563]
Ordinal0 [0x0103DDA1+1039777]
Ordinal0 [0x00FBE32E+516910]
Ordinal0 [0x00FB8012+491538]
Ordinal0 [0x00FB86EB+493291]
Ordinal0 [0x00FB9855+497749]
Ordinal0 [0x00FB5885+481413]
Ordinal0 [0x00FBF0D0+520400]
Ordinal0 [0x00F6C030+180272]
Ordinal0 [0x00F6B59D+177565]
Ordinal0 [0x00F695FB+169467]
Ordinal0 [0x00F5160A+71178]
Ordinal0 [0x00F52690+75408]
Ordinal0 [0x00F52629+75305]
Ordinal0 [0x010571B7+1143223]
GetHandleVerifier [0x01152B46+507814]
GetHandleVerifier [0x01152864+507076]
GetHandleVerifier [0x01159F47+537511]
GetHandleVerifier [0x01153402+510050]
Ordinal0 [0x0104F29C+1110684]
Ordinal0 [0x0105938B+1151883]
Ordinal0 [0x010594F3+1152243]
Ordinal0 [0x010583F5+1147893]
BaseThreadInitThunk [0x753E6359+25]
RtlGetAppContainerNamedObjectPath [0x77BF7B74+228]
RtlGetAppContainerNamedObjectPath [0x77BF7B44+180]

at org.openqa.selenium.remote.W3CHandshakeResponse.lambda$errorHandler$0(W3CHandshakeResponse.java:62)
at org.openqa.selenium.remote.HandshakeResponse.lambda$getResponseFunction$0(HandshakeResponse.java:30)
at org.openqa.selenium.remote.ProtocolHandshake.lambda$createSession$0(ProtocolHandshake.java:126)
at java.util.stream.ReferencePipeline$3$1.accept(Unknown Source)
at java.util.Spliterators$ArraySpliterator.tryAdvance(Unknown Source)
at java.util.stream.ReferencePipeline.forEachWithCancel(Unknown Source)
at java.util.stream.AbstractPipeline.copyIntoWithCancel(Unknown Source)
at java.util.stream.AbstractPipeline.copyInto(Unknown Source)
at java.util.stream.AbstractPipeline.wrapAndCopyInto(Unknown Source)
at java.util.stream.FindOps$FindOp.evaluateSequential(Unknown Source)
at java.util.stream.AbstractPipeline.evaluate(Unknown Source)
at java.util.stream.ReferencePipeline.findFirst(Unknown Source)
at org.openqa.selenium.remote.ProtocolHandshake.createSession(ProtocolHandshake.java:128)
at org.openqa.selenium.remote.ProtocolHandshake.createSession(ProtocolHandshake.java:74)
at org.openqa.selenium.remote.HttpCommandExecutor.execute(HttpCommandExecutor.java:136)
at org.openqa.selenium.remote.service.DriverCommandExecutor.execute(DriverCommandExecutor.java:83)
at org.openqa.selenium.remote.RemoteWebDriver.execute(RemoteWebDriver.java:552)
at org.openqa.selenium.remote.RemoteWebDriver.startSession(RemoteWebDriver.java:213)
at org.openqa.selenium.remote.RemoteWebDriver.<init>(RemoteWebDriver.java:131)
at org.openqa.selenium.chrome.ChromeDriver.<init>(ChromeDriver.java:181)
at org.openqa.selenium.chrome.ChromeDriver.<init>(ChromeDriver.java:168)
at org.openqa.selenium.chrome.ChromeDriver.<init>(ChromeDriver.java:123)
at mycompany.Test_DragDrop.ddd(Test_DragDrop.java:34)
at java.util.ArrayList.forEach(Unknown Source)
... Removed 35 stack frames]]>
    </failure>
  </testcase> <!-- ddd -->
</testsuite> <!-- Test -->
